<!DOCTYPE html PUBLIC "-//W3C//DTD XHTML 1.1//EN" "https://www.w3.org/TR/xhtml11/DTD/xhtml11.dtd">
<html xmlns="https://www.w3.org/1999/xhtml">
<head>
<meta http-equiv="content-type" content="text/html; charset=UTF-8"/>
<title>TestNG Report</title>
<style type="text/css">table {margin-bottom:10px;border-collapse:collapse;empty-cells:show}th,td {border:1px solid #009;padding:.25em .5em}th {vertical-align:bottom}td {vertical-align:top}table a {font-weight:bold}.stripe td {background-color: #E6EBF9}.num {text-align:right}.passedodd td {background-color: #3F3}.passedeven td {background-color: #0A0}.skippedodd td {background-color: #DDD}.skippedeven td {background-color: #CCC}.failedodd td,.attn {background-color: #F33}.failedeven td,.stripe .attn {background-color: #D00}.stacktrace {white-space:pre;font-family:monospace}.totop {font-size:85%;text-align:center;border-bottom:2px solid #000}.invisible {display:none}</style>
</head>
<body>
<table>
<tr><th>Test</th><th># Passed</th><th># Skipped</th><th># Retried</th><th># Failed</th><th>Time (ms)</th><th>Included Groups</th><th>Excluded Groups</th></tr>
<tr><th colspan="8">e-commerce suite</th></tr>
<tr><td><a href="#t0">Shop page requirements</a></td><td class="num">3</td><td class="num">0</td><td class="num">0</td><td class="num">0</td><td class="num">68,626</td><td>Shop</td><td></td></tr>
<tr class="stripe"><td><a href="#t1">Cart page requirements</a></td><td class="num">1</td><td class="num">0</td><td class="num">0</td><td class="num attn">3</td><td class="num">147,697</td><td>Cart</td><td></td></tr>
<tr><td><a href="#t2">Contact page requirements</a></td><td class="num">3</td><td class="num">0</td><td class="num">0</td><td class="num">0</td><td class="num">53,103</td><td>Contact</td><td></td></tr>
<tr><th>Total</th><th class="num">7</th><th class="num">0</th><th class="num">0</th><th class="num attn">3</th><th class="num">269,426</th><th colspan="2"></th></tr>
</table>
<table id='summary'><thead><tr><th>Class</th><th>Method</th><th>Start</th><th>Time (ms)</th></tr></thead><tbody><tr><th colspan="4">e-commerce suite</th></tr></tbody><tbody id="t0"><tr><th colspan="4">Shop page requirements &#8212; passed</th></tr><tr class="passedeven"><td rowspan="3">exercise4.Exercise4</td><td><a href="#m0">tc_REQ001_001</a></td><td rowspan="1">1647589265642</td><td rowspan="1">6489</td></tr><tr class="passedeven"><td><a href="#m1">tc_REQ003_001</a></td><td rowspan="1">1647589279069</td><td rowspan="1">3852</td></tr><tr class="passedeven"><td><a href="#m2">tc_REQ005_001</a></td><td rowspan="1">1647589290012</td><td rowspan="1">25182</td></tr></tbody>
<tbody id="t1"><tr><th colspan="4">Cart page requirements &#8212; failed</th></tr><tr class="failedeven"><td rowspan="3">exercise4.Exercise4</td><td><a href="#m3">tc_REQ008_001</a></td><td rowspan="1">1647589327640</td><td rowspan="1">28801</td></tr><tr class="failedeven"><td><a href="#m4">tc_REQ009_001</a></td><td rowspan="1">1647589363505</td><td rowspan="1">23247</td></tr><tr class="failedeven"><td><a href="#m5">tc_REQ010_001</a></td><td rowspan="1">1647589393793</td><td rowspan="1">28918</td></tr><tr><th colspan="4">Cart page requirements &#8212; passed</th></tr><tr class="passedeven"><td rowspan="1">exercise4.Exercise4</td><td><a href="#m6">tc_REQ011_001</a></td><td rowspan="1">1647589429879</td><td rowspan="1">38085</td></tr></tbody>
<tbody id="t2"><tr><th colspan="4">Contact page requirements &#8212; passed</th></tr><tr class="passedeven"><td rowspan="3">exercise4.Exercise4</td><td><a href="#m7">tc_REQ007_001</a></td><td rowspan="1">1647589480287</td><td rowspan="1">12309</td></tr><tr class="passedeven"><td><a href="#m8">tc_REQ007_002</a></td><td rowspan="1">1647589499666</td><td rowspan="1">7635</td></tr><tr class="passedeven"><td><a href="#m9">tc_REQ007_003</a></td><td rowspan="1">1647589514263</td><td rowspan="1">11839</td></tr></tbody>
</table>
<h2>Shop page requirements</h2><h3 id="m0">exercise4.Exercise4#tc_REQ001_001</h3><table class="result"><tr><th class="invisible"/></tr></table><p class="totop"><a href="#summary">back to summary</a></p>
<h3 id="m1">exercise4.Exercise4#tc_REQ003_001</h3><table class="result"><tr><th class="invisible"/></tr></table><p class="totop"><a href="#summary">back to summary</a></p>
<h3 id="m2">exercise4.Exercise4#tc_REQ005_001</h3><table class="result"><tr><th class="invisible"/></tr></table><p class="totop"><a href="#summary">back to summary</a></p>
<h2>Cart page requirements</h2><h3 id="m3">exercise4.Exercise4#tc_REQ008_001</h3><table class="result"><tr><th>Exception</th></tr><tr><td><div class="stacktrace">org.openqa.selenium.NoSuchElementException: no such element: Unable to locate element: {&quot;method&quot;:&quot;xpath&quot;,&quot;selector&quot;:&quot;//*[@id=&apos;post-7&apos;]/div/div[2]/form/table/tbody/tr[1]/td[3]/a&quot;}
  (Session info: chrome=99.0.4844.74)
For documentation on this error, please visit: https://selenium.dev/exceptions/#no_such_element
Build info: version: &apos;4.1.2&apos;, revision: &apos;9a5a329c5a&apos;
System info: host: &apos;MacBook-Pro-de-Jose.local&apos;, ip: &apos;2806:10a6:10:1121:3858:c543:f834:4424%en0&apos;, os.name: &apos;Mac OS X&apos;, os.arch: &apos;x86_64&apos;, os.version: &apos;11.5&apos;, java.version: &apos;11.0.13&apos;
Driver info: org.openqa.selenium.chrome.ChromeDriver
Command: [3b1e17f68896633d02cfd85b782089af, findElement {using=xpath, value=//*[@id=&apos;post-7&apos;]/div/div[2]/form/table/tbody/tr[1]/td[3]/a}]
Capabilities {acceptInsecureCerts: false, browserName: chrome, browserVersion: 99.0.4844.74, chrome: {chromedriverVersion: 99.0.4844.51 (d537ec02474b5..., userDataDir: /var/folders/sg/6x9hbzhs5kn...}, goog:chromeOptions: {debuggerAddress: localhost:55755}, javascriptEnabled: true, networkConnectionEnabled: false, pageLoadStrategy: normal, platform: MAC, platformName: MAC, proxy: Proxy(), se:cdp: ws://localhost:55755/devtoo..., se:cdpVersion: 99.0.4844.74, setWindowRect: true, strictFileInteractability: false, timeouts: {implicit: 0, pageLoad: 300000, script: 30000}, unhandledPromptBehavior: dismiss and notify, webauthn:extension:credBlob: true, webauthn:extension:largeBlob: true, webauthn:virtualAuthenticators: true}
Session ID: 3b1e17f68896633d02cfd85b782089af
	at org.openqa.selenium.remote.codec.w3c.W3CHttpResponseCodec.createException(W3CHttpResponseCodec.java:200)
	at org.openqa.selenium.remote.codec.w3c.W3CHttpResponseCodec.decode(W3CHttpResponseCodec.java:133)
	at org.openqa.selenium.remote.codec.w3c.W3CHttpResponseCodec.decode(W3CHttpResponseCodec.java:53)
	at org.openqa.selenium.remote.HttpCommandExecutor.execute(HttpCommandExecutor.java:184)
	at org.openqa.selenium.remote.service.DriverCommandExecutor.invokeExecute(DriverCommandExecutor.java:167)
	at org.openqa.selenium.remote.service.DriverCommandExecutor.execute(DriverCommandExecutor.java:142)
	at org.openqa.selenium.remote.RemoteWebDriver.execute(RemoteWebDriver.java:558)
	at org.openqa.selenium.remote.ElementLocation$ElementFinder$2.findElement(ElementLocation.java:162)
	at org.openqa.selenium.remote.ElementLocation.findElement(ElementLocation.java:60)
	at org.openqa.selenium.remote.RemoteWebDriver.findElement(RemoteWebDriver.java:382)
	at org.openqa.selenium.remote.RemoteWebDriver.findElement(RemoteWebDriver.java:374)
	at exercise4.Exercise4.tc_REQ008_001(Exercise4.java:342)
	at java.base/java.util.ArrayList.forEach(ArrayList.java:1541)
... Removed 31 stack frames</div></td></tr></table><p class="totop"><a href="#summary">back to summary</a></p>
<h3 id="m4">exercise4.Exercise4#tc_REQ009_001</h3><table class="result"><tr><th>Exception</th></tr><tr><td><div class="stacktrace">java.lang.AssertionError: expected [true] but found [false]
	at exercise4.Exercise4.tc_REQ009_001(Exercise4.java:314)
	at java.base/java.util.ArrayList.forEach(ArrayList.java:1541)
... Removed 31 stack frames</div></td></tr></table><p class="totop"><a href="#summary">back to summary</a></p>
<h3 id="m5">exercise4.Exercise4#tc_REQ010_001</h3><table class="result"><tr><th>Exception</th></tr><tr><td><div class="stacktrace">org.openqa.selenium.NoSuchElementException: no such element: Unable to locate element: {&quot;method&quot;:&quot;xpath&quot;,&quot;selector&quot;:&quot;//*[@id=&apos;post-7&apos;]/div/div[2]/div[1]/div&quot;}
  (Session info: chrome=99.0.4844.74)
For documentation on this error, please visit: https://selenium.dev/exceptions/#no_such_element
Build info: version: &apos;4.1.2&apos;, revision: &apos;9a5a329c5a&apos;
System info: host: &apos;MacBook-Pro-de-Jose.local&apos;, ip: &apos;2806:10a6:10:1121:3858:c543:f834:4424%en0&apos;, os.name: &apos;Mac OS X&apos;, os.arch: &apos;x86_64&apos;, os.version: &apos;11.5&apos;, java.version: &apos;11.0.13&apos;
Driver info: org.openqa.selenium.chrome.ChromeDriver
Command: [7560dd4d7517774fe4933b56ca2647df, findElement {using=xpath, value=//*[@id=&apos;post-7&apos;]/div/div[2]/div[1]/div}]
Capabilities {acceptInsecureCerts: false, browserName: chrome, browserVersion: 99.0.4844.74, chrome: {chromedriverVersion: 99.0.4844.51 (d537ec02474b5..., userDataDir: /var/folders/sg/6x9hbzhs5kn...}, goog:chromeOptions: {debuggerAddress: localhost:55976}, javascriptEnabled: true, networkConnectionEnabled: false, pageLoadStrategy: normal, platform: MAC, platformName: MAC, proxy: Proxy(), se:cdp: ws://localhost:55976/devtoo..., se:cdpVersion: 99.0.4844.74, setWindowRect: true, strictFileInteractability: false, timeouts: {implicit: 0, pageLoad: 300000, script: 30000}, unhandledPromptBehavior: dismiss and notify, webauthn:extension:credBlob: true, webauthn:extension:largeBlob: true, webauthn:virtualAuthenticators: true}
Session ID: 7560dd4d7517774fe4933b56ca2647df
	at org.openqa.selenium.remote.codec.w3c.W3CHttpResponseCodec.createException(W3CHttpResponseCodec.java:200)
	at org.openqa.selenium.remote.codec.w3c.W3CHttpResponseCodec.decode(W3CHttpResponseCodec.java:133)
	at org.openqa.selenium.remote.codec.w3c.W3CHttpResponseCodec.decode(W3CHttpResponseCodec.java:53)
	at org.openqa.selenium.remote.HttpCommandExecutor.execute(HttpCommandExecutor.java:184)
	at org.openqa.selenium.remote.service.DriverCommandExecutor.invokeExecute(DriverCommandExecutor.java:167)
	at org.openqa.selenium.remote.service.DriverCommandExecutor.execute(DriverCommandExecutor.java:142)
	at org.openqa.selenium.remote.RemoteWebDriver.execute(RemoteWebDriver.java:558)
	at org.openqa.selenium.remote.ElementLocation$ElementFinder$2.findElement(ElementLocation.java:162)
	at org.openqa.selenium.remote.ElementLocation.findElement(ElementLocation.java:60)
	at org.openqa.selenium.remote.RemoteWebDriver.findElement(RemoteWebDriver.java:382)
	at org.openqa.selenium.remote.RemoteWebDriver.findElement(RemoteWebDriver.java:374)
	at exercise4.Exercise4.tc_REQ010_001(Exercise4.java:177)
	at java.base/java.util.ArrayList.forEach(ArrayList.java:1541)
... Removed 31 stack frames</div></td></tr></table><p class="totop"><a href="#summary">back to summary</a></p>
<h3 id="m6">exercise4.Exercise4#tc_REQ011_001</h3><table class="result"><tr><th class="invisible"/></tr></table><p class="totop"><a href="#summary">back to summary</a></p>
<h2>Contact page requirements</h2><h3 id="m7">exercise4.Exercise4#tc_REQ007_001</h3><table class="result"><tr><th class="invisible"/></tr></table><p class="totop"><a href="#summary">back to summary</a></p>
<h3 id="m8">exercise4.Exercise4#tc_REQ007_002</h3><table class="result"><tr><th class="invisible"/></tr></table><p class="totop"><a href="#summary">back to summary</a></p>
<h3 id="m9">exercise4.Exercise4#tc_REQ007_003</h3><table class="result"><tr><th class="invisible"/></tr></table><p class="totop"><a href="#summary">back to summary</a></p>
</body>
</html>
